0 info it worked if it ends with ok
1 verbose cli [ '/usr/bin/node', '/usr/bin/npm', 'start' ]
2 info using npm@2.15.0
3 info using node@v0.12.13
4 verbose node symlink /usr/bin/node
5 verbose run-script [ 'prestart', 'start', 'poststart' ]
6 info prestart selected-app@0.0.0
7 info start selected-app@0.0.0
8 verbose unsafe-perm in lifecycle true
9 info selected-app@0.0.0 Failed to exec start script
10 verbose stack Error: selected-app@0.0.0 start: `node ./bin/www`
10 verbose stack Exit status 1
10 verbose stack     at EventEmitter.<anonymous> (/usr/lib/node_modules/npm/lib/utils/lifecycle.js:217:16)
10 verbose stack     at EventEmitter.emit (events.js:110:17)
10 verbose stack     at ChildProcess.<anonymous> (/usr/lib/node_modules/npm/lib/utils/spawn.js:24:14)
10 verbose stack     at ChildProcess.emit (events.js:110:17)
10 verbose stack     at maybeClose (child_process.js:1019:16)
10 verbose stack     at Process.ChildProcess._handle.onexit (child_process.js:1091:5)
11 verbose pkgid selected-app@0.0.0
12 verbose cwd /home/thuongdv/Dropbox/k6/selected topics/select-app
13 error Linux 4.2.0-35-generic
14 error argv "/usr/bin/node" "/usr/bin/npm" "start"
15 error node v0.12.13
16 error npm  v2.15.0
17 error code ELIFECYCLE
18 error selected-app@0.0.0 start: `node ./bin/www`
18 error Exit status 1
19 error Failed at the selected-app@0.0.0 start script 'node ./bin/www'.
19 error This is most likely a problem with the selected-app package,
19 error not with npm itself.
19 error Tell the author that this fails on your system:
19 error     node ./bin/www
19 error You can get information on how to open an issue for this project with:
19 error     npm bugs selected-app
19 error Or if that isn't available, you can get their info via:
19 error
19 error     npm owner ls selected-app
19 error There is likely additional logging output above.
20 verbose exit [ 1, true ]
